<?xml version="1.0" encoding="UTF-8"?>
<coverage generated="1773925134471" clover="3.2.0">
  <project timestamp="1773925134471" name="All files">
    <metrics statements="8" coveredstatements="8" conditionals="0" coveredconditionals="0" methods="3" coveredmethods="3" elements="11" coveredelements="11" complexity="0" loc="8" ncloc="8" packages="2" files="2" classes="2"/>
    <package name="components.CustomSlider">
      <metrics statements="6" coveredstatements="6" conditionals="0" coveredconditionals="0" methods="1" coveredmethods="1"/>
      <file name="helper.ts" path="C:\Users\maksb\Documents\projects\vite-project\src\components\CustomSlider\helper.ts">
        <metrics statements="6" coveredstatements="6" conditionals="0" coveredconditionals="0" methods="1" coveredmethods="1"/>
        <line num="1" count="1" type="stmt"/>
        <line num="12" count="1" type="stmt"/>
        <line num="17" count="1" type="stmt"/>
        <line num="18" count="4" type="stmt"/>
        <line num="20" count="4" type="stmt"/>
        <line num="43" count="1" type="stmt"/>
      </file>
    </package>
    <package name="utils">
      <metrics statements="2" coveredstatements="2" conditionals="0" coveredconditionals="0" methods="2" coveredmethods="2"/>
      <file name="cardGenerator.ts" path="C:\Users\maksb\Documents\projects\vite-project\src\utils\cardGenerator.ts">
        <metrics statements="2" coveredstatements="2" conditionals="0" coveredconditionals="0" methods="2" coveredmethods="2"/>
        <line num="1" count="1" type="stmt"/>
        <line num="2" count="9" type="stmt"/>
      </file>
    </package>
  </project>
</coverage>
