{"C:\\Users\\maksb\\Documents\\projects\\vite-project\\src\\components\\CustomSlider\\helper.ts": {"path":"C:\\Users\\maksb\\Documents\\projects\\vite-project\\src\\components\\CustomSlider\\helper.ts","statementMap":{"0":{"start":{"line":1,"column":32},"end":{"line":1,"column":null}},"1":{"start":{"line":12,"column":59},"end":{"line":15,"column":null}},"2":{"start":{"line":17,"column":13},"end":{"line":40,"column":null}},"3":{"start":{"line":18,"column":18},"end":{"line":18,"column":null}},"4":{"start":{"line":20,"column":4},"end":{"line":40,"column":null}},"5":{"start":{"line":43,"column":29},"end":{"line":43,"column":61}}},"fnMap":{"0":{"name":"(anonymous_0)","decl":{"start":{"line":17,"column":13},"end":{"line":17,"column":38}},"loc":{"start":{"line":17,"column":65},"end":{"line":40,"column":null}},"line":17}},"branchMap":{},"s":{"0":1,"1":1,"2":1,"3":4,"4":4,"5":1},"f":{"0":4},"b":{},"meta":{"lastBranch":0,"lastFunction":1,"lastStatement":6,"seen":{"s:1:32:1:Infinity":0,"s:12:59:15:Infinity":1,"s:17:13:40:Infinity":2,"f:17:13:17:38":0,"s:18:18:18:Infinity":3,"s:20:4:40:Infinity":4,"s:43:29:43:61":5}}}
,"C:\\Users\\maksb\\Documents\\projects\\vite-project\\src\\utils\\cardGenerator.ts": {"path":"C:\\Users\\maksb\\Documents\\projects\\vite-project\\src\\utils\\cardGenerator.ts","statementMap":{"0":{"start":{"line":1,"column":13},"end":{"line":2,"column":null}},"1":{"start":{"line":2,"column":4},"end":{"line":2,"column":null}},"2":{"start":{"line":2,"column":57},"end":{"line":2,"column":71}}},"fnMap":{"0":{"name":"(anonymous_0)","decl":{"start":{"line":1,"column":13},"end":{"line":1,"column":34}},"loc":{"start":{"line":1,"column":58},"end":{"line":2,"column":null}},"line":1},"1":{"name":"(anonymous_1)","decl":{"start":{"line":2,"column":45},"end":{"line":2,"column":48}},"loc":{"start":{"line":2,"column":57},"end":{"line":2,"column":71}},"line":2}},"branchMap":{},"s":{"0":1,"1":6,"2":9},"f":{"0":6,"1":9},"b":{},"meta":{"lastBranch":0,"lastFunction":2,"lastStatement":3,"seen":{"s:1:13:2:Infinity":0,"f:1:13:1:34":0,"s:2:4:2:Infinity":1,"f:2:45:2:48":1,"s:2:57:2:71":2}}}
}
